# ============================
# Date: 2021-11-01-(12:16:30)
# ============================
# -------------------------
# Setting up files
# -------------------------

###################################
# Running workflow:
###################################
    # ============================
    # Event generation:
    # ============================

    # -------------------------
    # Phase space samples
    # -------------------------
    
/var/spool/slurmd/job11475277/slurm_script: line 130:  5376 Killed                  python examples/event_generation/phase_space_sampling.py

    # -------------------------
    # Parton shower samples:
    # -------------------------
    
/var/spool/slurmd/job11475277/slurm_script: line 130:  5879 Killed                  python examples/event_generation/parton_shower_gen.py


# ============================
# Comparison:
# ============================

Traceback (most recent call last):
  File "examples/comparison_plots/sudakov_comparison_numeric.py", line 107, in <module>
    with open(splitfn_path, 'rb') as f:
FileNotFoundError: [Errno 2] No such file or directory: 'jetmontecarlo/utils/functions/splitting_fns/split_fns_LL_log_5e+06events_5e+03bins.pkl'



slurmstepd-d-19-15-3: error: Detected 2 oom-kill event(s) in StepId=11475277.batch cgroup. Some of your processes may have been killed by the cgroup out-of-memory handler.
