# ============================
# Date: 2021-11-01-(11:39:51)
# ============================
# -------------------------
# Setting up files
# -------------------------

###################################
# Running workflow:
###################################
    # ============================
    # Event generation:
    # ============================

    # -------------------------
    # Phase space samples
    # -------------------------
    
/var/spool/slurmd/job11475110/slurm_script: line 130:  4111 Killed                  python examples/event_generation/phase_space_sampling.py

    # -------------------------
    # Parton shower samples:
    # -------------------------
    
slurmstepd-d-19-15-3: error: *** JOB 11475110 ON d-19-15-3 CANCELLED AT 2021-11-01T12:15:06 ***
slurmstepd-d-19-15-3: error: Detected 1 oom-kill event(s) in StepId=11475110.batch cgroup. Some of your processes may have been killed by the cgroup out-of-memory handler.
