# ============================
# Date: 2021-10-29-(12:28:40)
# ============================
# -------------------------
# Setting up files
# -------------------------

###################################
# Running workflow:
###################################
    # ============================
    # Event generation:
    # ============================

    # -------------------------
    # Phase space samples
    # -------------------------
    
Generating events for Monte Carlo integration...
    Preparing to save new events for MC integration...
    Generating critical emissions with cutoff z_cut=0.05...
    Generating pre-critical emissions with cutoff z_cut=0.05...
    Generating critical emissions with cutoff z_cut=0.07500000000000001...
    Generating pre-critical emissions with cutoff z_cut=0.07500000000000001...
    Generating critical emissions with cutoff z_cut=0.1...
    Generating pre-critical emissions with cutoff z_cut=0.1...
    Generating critical emissions with cutoff z_cut=0.15000000000000002...
    Generating pre-critical emissions with cutoff z_cut=0.15000000000000002...
    Generating critical emissions with cutoff z_cut=0.2...
    Generating pre-critical emissions with cutoff z_cut=0.2...
    Generating subsequent emissions...

Generating radiators for Monte Carlo integration:
    Generating critical radiator with cutoff z_cut=0.05...
    Generating pre-critical radiator with cutoff z_cut=0.05...
    Generating critical radiator with cutoff z_cut=0.07500000000000001...
    Generating pre-critical radiator with cutoff z_cut=0.07500000000000001...
    Generating critical radiator with cutoff z_cut=0.1...
    Generating pre-critical radiator with cutoff z_cut=0.1...
    Generating critical radiator with cutoff z_cut=0.15000000000000002...
    Generating pre-critical radiator with cutoff z_cut=0.15000000000000002...
    Generating critical radiator with cutoff z_cut=0.2...
    Generating pre-critical radiator with cutoff z_cut=0.2...
    Generating critical/subsequent radiator with beta=0.5...
    Generating critical/subsequent radiator with beta=1...
    Generating critical/subsequent radiator with beta=2...
    Generating critical/subsequent radiator with beta=3...
    Generating critical/subsequent radiator with beta=4...
Saving critical radiator to jetmontecarlo/utils/functions/radiators/crit_obsLL_splitLL_log_rads_1e+04events_5e+01bins.pkl
Saving complete!
Saving pre-crit radiator to jetmontecarlo/utils/functions/radiators/pre_obsLL_splitLL_log_rads_1e+04events_5e+01bins.pkl
Saving complete!
Saving crit-sub radiator to jetmontecarlo/utils/functions/radiators/crit_sub_obsLL_splitLL_log_rads_1e+04events_5e+01bins.pkl
Saving complete!

Saving normalized splitting functions...
    Generating splitting function with cutoff z_cut=0.05...
    Generating splitting function with cutoff z_cut=0.07500000000000001...
    Generating splitting function with cutoff z_cut=0.1...
    Generating splitting function with cutoff z_cut=0.15000000000000002...
    Generating splitting function with cutoff z_cut=0.2...
Saved splitting functions to jetmontecarlo/utils/functions/splitting_fns/split_fns_LL_log_1e+04events_5e+01bins.pkl.

    # -------------------------
    # Parton shower samples:
    # -------------------------
    
Generating 1e+03 shower events...
   Generated 100 events
   Generated 200 events
   Generated 300 events
   Generated 400 events
   Generated 500 events
   Generated 600 events
   Generated 700 events
   Generated 800 events
   Generated 900 events
   Generated 1000 events
Saving 1e+03 parton shower events to jetmontecarlo/utils/samples/parton_showers/jet_list_shower_1e+03_fc_1e-10cutoff_beta2.pkl...
Parton shower events saved!
Saving shower correlations to jetmontecarlo/utils/samples/shower_correlations/shower_1e+03_c1_0.5_f1_showerbeta2_LL_fewem.npz...
       Generated 200 all emissions ungroomed correlations.
       Generated 400 all emissions ungroomed correlations.
       Generated 600 all emissions ungroomed correlations.
       Generated 800 all emissions ungroomed correlations.
       Generated 1000 all emissions ungroomed correlations.
       Generated 200 LL (all emissions) RSS correlations.
       Generated 400 LL (all emissions) RSS correlations.
       Generated 600 LL (all emissions) RSS correlations.
       Generated 800 LL (all emissions) RSS correlations.
       Generated 1000 LL (all emissions) RSS correlations.
       Generated 200 LL (all emissions) RSS correlations.
       Generated 400 LL (all emissions) RSS correlations.
       Generated 600 LL (all emissions) RSS correlations.
       Generated 800 LL (all emissions) RSS correlations.
       Generated 1000 LL (all emissions) RSS correlations.
       Generated 200 LL (all emissions) RSS correlations.
       Generated 400 LL (all emissions) RSS correlations.
       Generated 600 LL (all emissions) RSS correlations.
       Generated 800 LL (all emissions) RSS correlations.
       Generated 1000 LL (all emissions) RSS correlations.
       Generated 200 1 emission Soft Drop correlations.
       Generated 400 1 emission Soft Drop correlations.
       Generated 600 1 emission Soft Drop correlations.
       Generated 800 1 emission Soft Drop correlations.
       Generated 1000 1 emission Soft Drop correlations.
       Generated 200 1 emission Soft Drop correlations.
       Generated 400 1 emission Soft Drop correlations.
       Generated 600 1 emission Soft Drop correlations.
       Generated 800 1 emission Soft Drop correlations.
       Generated 1000 1 emission Soft Drop correlations.
       Generated 200 all emission Soft Drop correlations.
       Generated 400 all emission Soft Drop correlations.
       Generated 600 all emission Soft Drop correlations.
       Generated 800 all emission Soft Drop correlations.
       Generated 1000 all emission Soft Drop correlations.
       Generated 200 1 emission Soft Drop correlations.
       Generated 400 1 emission Soft Drop correlations.
       Generated 600 1 emission Soft Drop correlations.
       Generated 800 1 emission Soft Drop correlations.
       Generated 1000 1 emission Soft Drop correlations.
       Generated 200 1 emission Soft Drop correlations.
       Generated 400 1 emission Soft Drop correlations.
       Generated 600 1 emission Soft Drop correlations.
       Generated 800 1 emission Soft Drop correlations.
       Generated 1000 1 emission Soft Drop correlations.
       Generated 200 all emission Soft Drop correlations.
       Generated 400 all emission Soft Drop correlations.
       Generated 600 all emission Soft Drop correlations.
       Generated 800 all emission Soft Drop correlations.
       Generated 1000 all emission Soft Drop correlations.
       Generated 200 1 emission Soft Drop correlations.
       Generated 400 1 emission Soft Drop correlations.
       Generated 600 1 emission Soft Drop correlations.
       Generated 800 1 emission Soft Drop correlations.
       Generated 1000 1 emission Soft Drop correlations.
       Generated 200 1 emission Soft Drop correlations.
       Generated 400 1 emission Soft Drop correlations.
       Generated 600 1 emission Soft Drop correlations.
       Generated 800 1 emission Soft Drop correlations.
       Generated 1000 1 emission Soft Drop correlations.
       Generated 200 all emission Soft Drop correlations.
       Generated 400 all emission Soft Drop correlations.
       Generated 600 all emission Soft Drop correlations.
       Generated 800 all emission Soft Drop correlations.
       Generated 1000 all emission Soft Drop correlations.
Shower correlations saved!
Saving shower correlations to jetmontecarlo/utils/samples/shower_correlations/shower_1e+03_c1_0.5_f0.75_showerbeta2_LL_fewem.npz...
       Generated 200 all emissions ungroomed correlations.
       Generated 400 all emissions ungroomed correlations.
       Generated 600 all emissions ungroomed correlations.
       Generated 800 all emissions ungroomed correlations.
       Generated 1000 all emissions ungroomed correlations.
       Generated 200 LL (all emissions) RSS correlations.
       Generated 400 LL (all emissions) RSS correlations.
       Generated 600 LL (all emissions) RSS correlations.
       Generated 800 LL (all emissions) RSS correlations.
       Generated 1000 LL (all emissions) RSS correlations.
       Generated 200 LL (all emissions) RSS correlations.
       Generated 400 LL (all emissions) RSS correlations.
       Generated 600 LL (all emissions) RSS correlations.
       Generated 800 LL (all emissions) RSS correlations.
       Generated 1000 LL (all emissions) RSS correlations.
       Generated 200 LL (all emissions) RSS correlations.
       Generated 400 LL (all emissions) RSS correlations.
       Generated 600 LL (all emissions) RSS correlations.
       Generated 800 LL (all emissions) RSS correlations.
       Generated 1000 LL (all emissions) RSS correlations.
       Generated 200 1 emission Soft Drop correlations.
       Generated 400 1 emission Soft Drop correlations.
       Generated 600 1 emission Soft Drop correlations.
       Generated 800 1 emission Soft Drop correlations.
       Generated 1000 1 emission Soft Drop correlations.
       Generated 200 1 emission Soft Drop correlations.
       Generated 400 1 emission Soft Drop correlations.
       Generated 600 1 emission Soft Drop correlations.
       Generated 800 1 emission Soft Drop correlations.
       Generated 1000 1 emission Soft Drop correlations.
       Generated 200 all emission Soft Drop correlations.
       Generated 400 all emission Soft Drop correlations.
       Generated 600 all emission Soft Drop correlations.
       Generated 800 all emission Soft Drop correlations.
       Generated 1000 all emission Soft Drop correlations.
       Generated 200 1 emission Soft Drop correlations.
       Generated 400 1 emission Soft Drop correlations.
       Generated 600 1 emission Soft Drop correlations.
       Generated 800 1 emission Soft Drop correlations.
       Generated 1000 1 emission Soft Drop correlations.
       Generated 200 1 emission Soft Drop correlations.
       Generated 400 1 emission Soft Drop correlations.
       Generated 600 1 emission Soft Drop correlations.
       Generated 800 1 emission Soft Drop correlations.
       Generated 1000 1 emission Soft Drop correlations.
       Generated 200 all emission Soft Drop correlations.
       Generated 400 all emission Soft Drop correlations.
       Generated 600 all emission Soft Drop correlations.
       Generated 800 all emission Soft Drop correlations.
       Generated 1000 all emission Soft Drop correlations.
       Generated 200 1 emission Soft Drop correlations.
       Generated 400 1 emission Soft Drop correlations.
       Generated 600 1 emission Soft Drop correlations.
       Generated 800 1 emission Soft Drop correlations.
       Generated 1000 1 emission Soft Drop correlations.
       Generated 200 1 emission Soft Drop correlations.
       Generated 400 1 emission Soft Drop correlations.
       Generated 600 1 emission Soft Drop correlations.
       Generated 800 1 emission Soft Drop correlations.
       Generated 1000 1 emission Soft Drop correlations.
       Generated 200 all emission Soft Drop correlations.
       Generated 400 all emission Soft Drop correlations.
       Generated 600 all emission Soft Drop correlations.
       Generated 800 all emission Soft Drop correlations.
       Generated 1000 all emission Soft Drop correlations.
Shower correlations saved!
Saving shower correlations to jetmontecarlo/utils/samples/shower_correlations/shower_1e+03_c1_0.5_f0.5_showerbeta2_LL_fewem.npz...
       Generated 200 all emissions ungroomed correlations.
       Generated 400 all emissions ungroomed correlations.
       Generated 600 all emissions ungroomed correlations.
       Generated 800 all emissions ungroomed correlations.
       Generated 1000 all emissions ungroomed correlations.
       Generated 200 LL (all emissions) RSS correlations.
       Generated 400 LL (all emissions) RSS correlations.
       Generated 600 LL (all emissions) RSS correlations.
       Generated 800 LL (all emissions) RSS correlations.
       Generated 1000 LL (all emissions) RSS correlations.
       Generated 200 LL (all emissions) RSS correlations.
       Generated 400 LL (all emissions) RSS correlations.
       Generated 600 LL (all emissions) RSS correlations.
       Generated 800 LL (all emissions) RSS correlations.
       Generated 1000 LL (all emissions) RSS correlations.
       Generated 200 LL (all emissions) RSS correlations.
       Generated 400 LL (all emissions) RSS correlations.
       Generated 600 LL (all emissions) RSS correlations.
       Generated 800 LL (all emissions) RSS correlations.
       Generated 1000 LL (all emissions) RSS correlations.
       Generated 200 1 emission Soft Drop correlations.
       Generated 400 1 emission Soft Drop correlations.
       Generated 600 1 emission Soft Drop correlations.
       Generated 800 1 emission Soft Drop correlations.
       Generated 1000 1 emission Soft Drop correlations.
       Generated 200 1 emission Soft Drop correlations.
       Generated 400 1 emission Soft Drop correlations.
       Generated 600 1 emission Soft Drop correlations.
       Generated 800 1 emission Soft Drop correlations.
       Generated 1000 1 emission Soft Drop correlations.
       Generated 200 all emission Soft Drop correlations.
       Generated 400 all emission Soft Drop correlations.
       Generated 600 all emission Soft Drop correlations.
       Generated 800 all emission Soft Drop correlations.
       Generated 1000 all emission Soft Drop correlations.
       Generated 200 1 emission Soft Drop correlations.
       Generated 400 1 emission Soft Drop correlations.
       Generated 600 1 emission Soft Drop correlations.
       Generated 800 1 emission Soft Drop correlations.
       Generated 1000 1 emission Soft Drop correlations.
       Generated 200 1 emission Soft Drop correlations.
       Generated 400 1 emission Soft Drop correlations.
       Generated 600 1 emission Soft Drop correlations.
       Generated 800 1 emission Soft Drop correlations.
       Generated 1000 1 emission Soft Drop correlations.
       Generated 200 all emission Soft Drop correlations.
       Generated 400 all emission Soft Drop correlations.
       Generated 600 all emission Soft Drop correlations.
       Generated 800 all emission Soft Drop correlations.
       Generated 1000 all emission Soft Drop correlations.
       Generated 200 1 emission Soft Drop correlations.
       Generated 400 1 emission Soft Drop correlations.
       Generated 600 1 emission Soft Drop correlations.
       Generated 800 1 emission Soft Drop correlations.
       Generated 1000 1 emission Soft Drop correlations.
       Generated 200 1 emission Soft Drop correlations.
       Generated 400 1 emission Soft Drop correlations.
       Generated 600 1 emission Soft Drop correlations.
       Generated 800 1 emission Soft Drop correlations.
       Generated 1000 1 emission Soft Drop correlations.
       Generated 200 all emission Soft Drop correlations.
       Generated 400 all emission Soft Drop correlations.
       Generated 600 all emission Soft Drop correlations.
       Generated 800 all emission Soft Drop correlations.
       Generated 1000 all emission Soft Drop correlations.
Shower correlations saved!

Saving shower correlations to jetmontecarlo/utils/samples/shower_correlations/shower_1e+03_c1_1_f1_showerbeta2_LL_fewem.npz...
       Generated 200 all emissions ungroomed correlations.
       Generated 400 all emissions ungroomed correlations.
       Generated 600 all emissions ungroomed correlations.
       Generated 800 all emissions ungroomed correlations.
       Generated 1000 all emissions ungroomed correlations.
       Generated 200 LL (all emissions) RSS correlations.
       Generated 400 LL (all emissions) RSS correlations.
       Generated 600 LL (all emissions) RSS correlations.
       Generated 800 LL (all emissions) RSS correlations.
       Generated 1000 LL (all emissions) RSS correlations.
       Generated 200 LL (all emissions) RSS correlations.
       Generated 400 LL (all emissions) RSS correlations.
       Generated 600 LL (all emissions) RSS correlations.
       Generated 800 LL (all emissions) RSS correlations.
       Generated 1000 LL (all emissions) RSS correlations.
       Generated 200 LL (all emissions) RSS correlations.
       Generated 400 LL (all emissions) RSS correlations.
       Generated 600 LL (all emissions) RSS correlations.
       Generated 800 LL (all emissions) RSS correlations.
       Generated 1000 LL (all emissions) RSS correlations.
       Generated 200 1 emission Soft Drop correlations.
       Generated 400 1 emission Soft Drop correlations.
       Generated 600 1 emission Soft Drop correlations.
       Generated 800 1 emission Soft Drop correlations.
       Generated 1000 1 emission Soft Drop correlations.
       Generated 200 1 emission Soft Drop correlations.
       Generated 400 1 emission Soft Drop correlations.
       Generated 600 1 emission Soft Drop correlations.
       Generated 800 1 emission Soft Drop correlations.
       Generated 1000 1 emission Soft Drop correlations.
       Generated 200 all emission Soft Drop correlations.
       Generated 400 all emission Soft Drop correlations.
       Generated 600 all emission Soft Drop correlations.
       Generated 800 all emission Soft Drop correlations.
       Generated 1000 all emission Soft Drop correlations.
       Generated 200 1 emission Soft Drop correlations.
       Generated 400 1 emission Soft Drop correlations.
       Generated 600 1 emission Soft Drop correlations.
       Generated 800 1 emission Soft Drop correlations.
       Generated 1000 1 emission Soft Drop correlations.
       Generated 200 1 emission Soft Drop correlations.
       Generated 400 1 emission Soft Drop correlations.
       Generated 600 1 emission Soft Drop correlations.
       Generated 800 1 emission Soft Drop correlations.
       Generated 1000 1 emission Soft Drop correlations.
       Generated 200 all emission Soft Drop correlations.
       Generated 400 all emission Soft Drop correlations.
       Generated 600 all emission Soft Drop correlations.
       Generated 800 all emission Soft Drop correlations.
       Generated 1000 all emission Soft Drop correlations.
       Generated 200 1 emission Soft Drop correlations.
       Generated 400 1 emission Soft Drop correlations.
       Generated 600 1 emission Soft Drop correlations.
       Generated 800 1 emission Soft Drop correlations.
       Generated 1000 1 emission Soft Drop correlations.
       Generated 200 1 emission Soft Drop correlations.
       Generated 400 1 emission Soft Drop correlations.
       Generated 600 1 emission Soft Drop correlations.
       Generated 800 1 emission Soft Drop correlations.
       Generated 1000 1 emission Soft Drop correlations.
       Generated 200 all emission Soft Drop correlations.
       Generated 400 all emission Soft Drop correlations.
       Generated 600 all emission Soft Drop correlations.
       Generated 800 all emission Soft Drop correlations.
       Generated 1000 all emission Soft Drop correlations.
Shower correlations saved!
Saving shower correlations to jetmontecarlo/utils/samples/shower_correlations/shower_1e+03_c1_1_f0.75_showerbeta2_LL_fewem.npz...
       Generated 200 all emissions ungroomed correlations.
       Generated 400 all emissions ungroomed correlations.
       Generated 600 all emissions ungroomed correlations.
       Generated 800 all emissions ungroomed correlations.
       Generated 1000 all emissions ungroomed correlations.
       Generated 200 LL (all emissions) RSS correlations.
       Generated 400 LL (all emissions) RSS correlations.
       Generated 600 LL (all emissions) RSS correlations.
       Generated 800 LL (all emissions) RSS correlations.
       Generated 1000 LL (all emissions) RSS correlations.
       Generated 200 LL (all emissions) RSS correlations.
       Generated 400 LL (all emissions) RSS correlations.
       Generated 600 LL (all emissions) RSS correlations.
       Generated 800 LL (all emissions) RSS correlations.
       Generated 1000 LL (all emissions) RSS correlations.
       Generated 200 LL (all emissions) RSS correlations.
       Generated 400 LL (all emissions) RSS correlations.
       Generated 600 LL (all emissions) RSS correlations.
       Generated 800 LL (all emissions) RSS correlations.
       Generated 1000 LL (all emissions) RSS correlations.
       Generated 200 1 emission Soft Drop correlations.
       Generated 400 1 emission Soft Drop correlations.
       Generated 600 1 emission Soft Drop correlations.
       Generated 800 1 emission Soft Drop correlations.
       Generated 1000 1 emission Soft Drop correlations.
       Generated 200 1 emission Soft Drop correlations.
       Generated 400 1 emission Soft Drop correlations.
       Generated 600 1 emission Soft Drop correlations.
       Generated 800 1 emission Soft Drop correlations.
       Generated 1000 1 emission Soft Drop correlations.
       Generated 200 all emission Soft Drop correlations.
       Generated 400 all emission Soft Drop correlations.
       Generated 600 all emission Soft Drop correlations.
       Generated 800 all emission Soft Drop correlations.
       Generated 1000 all emission Soft Drop correlations.
       Generated 200 1 emission Soft Drop correlations.
       Generated 400 1 emission Soft Drop correlations.
       Generated 600 1 emission Soft Drop correlations.
       Generated 800 1 emission Soft Drop correlations.
       Generated 1000 1 emission Soft Drop correlations.
       Generated 200 1 emission Soft Drop correlations.
       Generated 400 1 emission Soft Drop correlations.
       Generated 600 1 emission Soft Drop correlations.
       Generated 800 1 emission Soft Drop correlations.
       Generated 1000 1 emission Soft Drop correlations.
       Generated 200 all emission Soft Drop correlations.
       Generated 400 all emission Soft Drop correlations.
       Generated 600 all emission Soft Drop correlations.
       Generated 800 all emission Soft Drop correlations.
       Generated 1000 all emission Soft Drop correlations.
       Generated 200 1 emission Soft Drop correlations.
       Generated 400 1 emission Soft Drop correlations.
       Generated 600 1 emission Soft Drop correlations.
       Generated 800 1 emission Soft Drop correlations.
       Generated 1000 1 emission Soft Drop correlations.
       Generated 200 1 emission Soft Drop correlations.
       Generated 400 1 emission Soft Drop correlations.
       Generated 600 1 emission Soft Drop correlations.
       Generated 800 1 emission Soft Drop correlations.
       Generated 1000 1 emission Soft Drop correlations.
       Generated 200 all emission Soft Drop correlations.
       Generated 400 all emission Soft Drop correlations.
       Generated 600 all emission Soft Drop correlations.
       Generated 800 all emission Soft Drop correlations.
       Generated 1000 all emission Soft Drop correlations.
Shower correlations saved!
Saving shower correlations to jetmontecarlo/utils/samples/shower_correlations/shower_1e+03_c1_1_f0.5_showerbeta2_LL_fewem.npz...
       Generated 200 all emissions ungroomed correlations.
       Generated 400 all emissions ungroomed correlations.
       Generated 600 all emissions ungroomed correlations.
       Generated 800 all emissions ungroomed correlations.
       Generated 1000 all emissions ungroomed correlations.
       Generated 200 LL (all emissions) RSS correlations.
       Generated 400 LL (all emissions) RSS correlations.
       Generated 600 LL (all emissions) RSS correlations.
       Generated 800 LL (all emissions) RSS correlations.
       Generated 1000 LL (all emissions) RSS correlations.
       Generated 200 LL (all emissions) RSS correlations.
       Generated 400 LL (all emissions) RSS correlations.
       Generated 600 LL (all emissions) RSS correlations.
       Generated 800 LL (all emissions) RSS correlations.
       Generated 1000 LL (all emissions) RSS correlations.
       Generated 200 LL (all emissions) RSS correlations.
       Generated 400 LL (all emissions) RSS correlations.
       Generated 600 LL (all emissions) RSS correlations.
       Generated 800 LL (all emissions) RSS correlations.
       Generated 1000 LL (all emissions) RSS correlations.
       Generated 200 1 emission Soft Drop correlations.
       Generated 400 1 emission Soft Drop correlations.
       Generated 600 1 emission Soft Drop correlations.
       Generated 800 1 emission Soft Drop correlations.
       Generated 1000 1 emission Soft Drop correlations.
       Generated 200 1 emission Soft Drop correlations.
       Generated 400 1 emission Soft Drop correlations.
       Generated 600 1 emission Soft Drop correlations.
       Generated 800 1 emission Soft Drop correlations.
       Generated 1000 1 emission Soft Drop correlations.
       Generated 200 all emission Soft Drop correlations.
       Generated 400 all emission Soft Drop correlations.
       Generated 600 all emission Soft Drop correlations.
       Generated 800 all emission Soft Drop correlations.
       Generated 1000 all emission Soft Drop correlations.
       Generated 200 1 emission Soft Drop correlations.
       Generated 400 1 emission Soft Drop correlations.
       Generated 600 1 emission Soft Drop correlations.
       Generated 800 1 emission Soft Drop correlations.
       Generated 1000 1 emission Soft Drop correlations.
       Generated 200 1 emission Soft Drop correlations.
       Generated 400 1 emission Soft Drop correlations.
       Generated 600 1 emission Soft Drop correlations.
       Generated 800 1 emission Soft Drop correlations.
       Generated 1000 1 emission Soft Drop correlations.
       Generated 200 all emission Soft Drop correlations.
       Generated 400 all emission Soft Drop correlations.
       Generated 600 all emission Soft Drop correlations.
       Generated 800 all emission Soft Drop correlations.
       Generated 1000 all emission Soft Drop correlations.
       Generated 200 1 emission Soft Drop correlations.
       Generated 400 1 emission Soft Drop correlations.
       Generated 600 1 emission Soft Drop correlations.
       Generated 800 1 emission Soft Drop correlations.
       Generated 1000 1 emission Soft Drop correlations.
       Generated 200 1 emission Soft Drop correlations.
       Generated 400 1 emission Soft Drop correlations.
       Generated 600 1 emission Soft Drop correlations.
       Generated 800 1 emission Soft Drop correlations.
       Generated 1000 1 emission Soft Drop correlations.
       Generated 200 all emission Soft Drop correlations.
       Generated 400 all emission Soft Drop correlations.
       Generated 600 all emission Soft Drop correlations.
       Generated 800 all emission Soft Drop correlations.
       Generated 1000 all emission Soft Drop correlations.
Shower correlations saved!

Saving shower correlations to jetmontecarlo/utils/samples/shower_correlations/shower_1e+03_c1_2_f1_showerbeta2_LL_fewem.npz...
       Generated 200 all emissions ungroomed correlations.
       Generated 400 all emissions ungroomed correlations.
       Generated 600 all emissions ungroomed correlations.
       Generated 800 all emissions ungroomed correlations.
       Generated 1000 all emissions ungroomed correlations.
       Generated 200 LL (all emissions) RSS correlations.
       Generated 400 LL (all emissions) RSS correlations.
       Generated 600 LL (all emissions) RSS correlations.
       Generated 800 LL (all emissions) RSS correlations.
       Generated 1000 LL (all emissions) RSS correlations.
       Generated 200 LL (all emissions) RSS correlations.
       Generated 400 LL (all emissions) RSS correlations.
       Generated 600 LL (all emissions) RSS correlations.
       Generated 800 LL (all emissions) RSS correlations.
       Generated 1000 LL (all emissions) RSS correlations.
       Generated 200 LL (all emissions) RSS correlations.
       Generated 400 LL (all emissions) RSS correlations.
       Generated 600 LL (all emissions) RSS correlations.
       Generated 800 LL (all emissions) RSS correlations.
       Generated 1000 LL (all emissions) RSS correlations.
       Generated 200 1 emission Soft Drop correlations.
       Generated 400 1 emission Soft Drop correlations.
       Generated 600 1 emission Soft Drop correlations.
       Generated 800 1 emission Soft Drop correlations.
       Generated 1000 1 emission Soft Drop correlations.
       Generated 200 1 emission Soft Drop correlations.
       Generated 400 1 emission Soft Drop correlations.
       Generated 600 1 emission Soft Drop correlations.
       Generated 800 1 emission Soft Drop correlations.
       Generated 1000 1 emission Soft Drop correlations.
       Generated 200 all emission Soft Drop correlations.
       Generated 400 all emission Soft Drop correlations.
       Generated 600 all emission Soft Drop correlations.
       Generated 800 all emission Soft Drop correlations.
       Generated 1000 all emission Soft Drop correlations.
       Generated 200 1 emission Soft Drop correlations.
       Generated 400 1 emission Soft Drop correlations.
       Generated 600 1 emission Soft Drop correlations.
       Generated 800 1 emission Soft Drop correlations.
       Generated 1000 1 emission Soft Drop correlations.
       Generated 200 1 emission Soft Drop correlations.
       Generated 400 1 emission Soft Drop correlations.
       Generated 600 1 emission Soft Drop correlations.
       Generated 800 1 emission Soft Drop correlations.
       Generated 1000 1 emission Soft Drop correlations.
       Generated 200 all emission Soft Drop correlations.
       Generated 400 all emission Soft Drop correlations.
       Generated 600 all emission Soft Drop correlations.
       Generated 800 all emission Soft Drop correlations.
       Generated 1000 all emission Soft Drop correlations.
       Generated 200 1 emission Soft Drop correlations.
       Generated 400 1 emission Soft Drop correlations.
       Generated 600 1 emission Soft Drop correlations.
       Generated 800 1 emission Soft Drop correlations.
       Generated 1000 1 emission Soft Drop correlations.
       Generated 200 1 emission Soft Drop correlations.
       Generated 400 1 emission Soft Drop correlations.
       Generated 600 1 emission Soft Drop correlations.
       Generated 800 1 emission Soft Drop correlations.
       Generated 1000 1 emission Soft Drop correlations.
       Generated 200 all emission Soft Drop correlations.
       Generated 400 all emission Soft Drop correlations.
       Generated 600 all emission Soft Drop correlations.
       Generated 800 all emission Soft Drop correlations.
       Generated 1000 all emission Soft Drop correlations.
Shower correlations saved!
Saving shower correlations to jetmontecarlo/utils/samples/shower_correlations/shower_1e+03_c1_2_f0.75_showerbeta2_LL_fewem.npz...
       Generated 200 all emissions ungroomed correlations.
       Generated 400 all emissions ungroomed correlations.
       Generated 600 all emissions ungroomed correlations.
       Generated 800 all emissions ungroomed correlations.
       Generated 1000 all emissions ungroomed correlations.
       Generated 200 LL (all emissions) RSS correlations.
       Generated 400 LL (all emissions) RSS correlations.
       Generated 600 LL (all emissions) RSS correlations.
       Generated 800 LL (all emissions) RSS correlations.
       Generated 1000 LL (all emissions) RSS correlations.
       Generated 200 LL (all emissions) RSS correlations.
       Generated 400 LL (all emissions) RSS correlations.
       Generated 600 LL (all emissions) RSS correlations.
       Generated 800 LL (all emissions) RSS correlations.
       Generated 1000 LL (all emissions) RSS correlations.
       Generated 200 LL (all emissions) RSS correlations.
       Generated 400 LL (all emissions) RSS correlations.
       Generated 600 LL (all emissions) RSS correlations.
       Generated 800 LL (all emissions) RSS correlations.
       Generated 1000 LL (all emissions) RSS correlations.
       Generated 200 1 emission Soft Drop correlations.
       Generated 400 1 emission Soft Drop correlations.
       Generated 600 1 emission Soft Drop correlations.
       Generated 800 1 emission Soft Drop correlations.
       Generated 1000 1 emission Soft Drop correlations.
       Generated 200 1 emission Soft Drop correlations.
       Generated 400 1 emission Soft Drop correlations.
       Generated 600 1 emission Soft Drop correlations.
       Generated 800 1 emission Soft Drop correlations.
       Generated 1000 1 emission Soft Drop correlations.
       Generated 200 all emission Soft Drop correlations.
       Generated 400 all emission Soft Drop correlations.
       Generated 600 all emission Soft Drop correlations.
       Generated 800 all emission Soft Drop correlations.
       Generated 1000 all emission Soft Drop correlations.
       Generated 200 1 emission Soft Drop correlations.
       Generated 400 1 emission Soft Drop correlations.
       Generated 600 1 emission Soft Drop correlations.
       Generated 800 1 emission Soft Drop correlations.
       Generated 1000 1 emission Soft Drop correlations.
       Generated 200 1 emission Soft Drop correlations.
       Generated 400 1 emission Soft Drop correlations.
       Generated 600 1 emission Soft Drop correlations.
       Generated 800 1 emission Soft Drop correlations.
       Generated 1000 1 emission Soft Drop correlations.
       Generated 200 all emission Soft Drop correlations.
       Generated 400 all emission Soft Drop correlations.
       Generated 600 all emission Soft Drop correlations.
       Generated 800 all emission Soft Drop correlations.
       Generated 1000 all emission Soft Drop correlations.
       Generated 200 1 emission Soft Drop correlations.
       Generated 400 1 emission Soft Drop correlations.
       Generated 600 1 emission Soft Drop correlations.
       Generated 800 1 emission Soft Drop correlations.
       Generated 1000 1 emission Soft Drop correlations.
       Generated 200 1 emission Soft Drop correlations.
       Generated 400 1 emission Soft Drop correlations.
       Generated 600 1 emission Soft Drop correlations.
       Generated 800 1 emission Soft Drop correlations.
       Generated 1000 1 emission Soft Drop correlations.
       Generated 200 all emission Soft Drop correlations.
       Generated 400 all emission Soft Drop correlations.
       Generated 600 all emission Soft Drop correlations.
       Generated 800 all emission Soft Drop correlations.
       Generated 1000 all emission Soft Drop correlations.
Shower correlations saved!
Saving shower correlations to jetmontecarlo/utils/samples/shower_correlations/shower_1e+03_c1_2_f0.5_showerbeta2_LL_fewem.npz...
       Generated 200 all emissions ungroomed correlations.
       Generated 400 all emissions ungroomed correlations.
       Generated 600 all emissions ungroomed correlations.
       Generated 800 all emissions ungroomed correlations.
       Generated 1000 all emissions ungroomed correlations.
       Generated 200 LL (all emissions) RSS correlations.
       Generated 400 LL (all emissions) RSS correlations.
       Generated 600 LL (all emissions) RSS correlations.
       Generated 800 LL (all emissions) RSS correlations.
       Generated 1000 LL (all emissions) RSS correlations.
       Generated 200 LL (all emissions) RSS correlations.
       Generated 400 LL (all emissions) RSS correlations.
       Generated 600 LL (all emissions) RSS correlations.
       Generated 800 LL (all emissions) RSS correlations.
       Generated 1000 LL (all emissions) RSS correlations.
       Generated 200 LL (all emissions) RSS correlations.
       Generated 400 LL (all emissions) RSS correlations.
       Generated 600 LL (all emissions) RSS correlations.
       Generated 800 LL (all emissions) RSS correlations.
       Generated 1000 LL (all emissions) RSS correlations.
       Generated 200 1 emission Soft Drop correlations.
       Generated 400 1 emission Soft Drop correlations.
       Generated 600 1 emission Soft Drop correlations.
       Generated 800 1 emission Soft Drop correlations.
       Generated 1000 1 emission Soft Drop correlations.
       Generated 200 1 emission Soft Drop correlations.
       Generated 400 1 emission Soft Drop correlations.
       Generated 600 1 emission Soft Drop correlations.
       Generated 800 1 emission Soft Drop correlations.
       Generated 1000 1 emission Soft Drop correlations.
       Generated 200 all emission Soft Drop correlations.
       Generated 400 all emission Soft Drop correlations.
       Generated 600 all emission Soft Drop correlations.
       Generated 800 all emission Soft Drop correlations.
       Generated 1000 all emission Soft Drop correlations.
       Generated 200 1 emission Soft Drop correlations.
       Generated 400 1 emission Soft Drop correlations.
       Generated 600 1 emission Soft Drop correlations.
       Generated 800 1 emission Soft Drop correlations.
       Generated 1000 1 emission Soft Drop correlations.
       Generated 200 1 emission Soft Drop correlations.
       Generated 400 1 emission Soft Drop correlations.
       Generated 600 1 emission Soft Drop correlations.
       Generated 800 1 emission Soft Drop correlations.
       Generated 1000 1 emission Soft Drop correlations.
       Generated 200 all emission Soft Drop correlations.
       Generated 400 all emission Soft Drop correlations.
       Generated 600 all emission Soft Drop correlations.
       Generated 800 all emission Soft Drop correlations.
       Generated 1000 all emission Soft Drop correlations.
       Generated 200 1 emission Soft Drop correlations.
       Generated 400 1 emission Soft Drop correlations.
       Generated 600 1 emission Soft Drop correlations.
       Generated 800 1 emission Soft Drop correlations.
       Generated 1000 1 emission Soft Drop correlations.
       Generated 200 1 emission Soft Drop correlations.
       Generated 400 1 emission Soft Drop correlations.
       Generated 600 1 emission Soft Drop correlations.
       Generated 800 1 emission Soft Drop correlations.
       Generated 1000 1 emission Soft Drop correlations.
       Generated 200 all emission Soft Drop correlations.
       Generated 400 all emission Soft Drop correlations.
       Generated 600 all emission Soft Drop correlations.
       Generated 800 all emission Soft Drop correlations.
       Generated 1000 all emission Soft Drop correlations.
Shower correlations saved!

Saving shower correlations to jetmontecarlo/utils/samples/shower_correlations/shower_1e+03_c1_3_f1_showerbeta2_LL_fewem.npz...
       Generated 200 all emissions ungroomed correlations.
       Generated 400 all emissions ungroomed correlations.
       Generated 600 all emissions ungroomed correlations.
       Generated 800 all emissions ungroomed correlations.
       Generated 1000 all emissions ungroomed correlations.
       Generated 200 LL (all emissions) RSS correlations.
       Generated 400 LL (all emissions) RSS correlations.
       Generated 600 LL (all emissions) RSS correlations.
       Generated 800 LL (all emissions) RSS correlations.
       Generated 1000 LL (all emissions) RSS correlations.
       Generated 200 LL (all emissions) RSS correlations.
       Generated 400 LL (all emissions) RSS correlations.
       Generated 600 LL (all emissions) RSS correlations.
       Generated 800 LL (all emissions) RSS correlations.
       Generated 1000 LL (all emissions) RSS correlations.
       Generated 200 LL (all emissions) RSS correlations.
       Generated 400 LL (all emissions) RSS correlations.
       Generated 600 LL (all emissions) RSS correlations.
       Generated 800 LL (all emissions) RSS correlations.
       Generated 1000 LL (all emissions) RSS correlations.
       Generated 200 1 emission Soft Drop correlations.
       Generated 400 1 emission Soft Drop correlations.
       Generated 600 1 emission Soft Drop correlations.
       Generated 800 1 emission Soft Drop correlations.
       Generated 1000 1 emission Soft Drop correlations.
       Generated 200 1 emission Soft Drop correlations.
       Generated 400 1 emission Soft Drop correlations.
       Generated 600 1 emission Soft Drop correlations.
       Generated 800 1 emission Soft Drop correlations.
       Generated 1000 1 emission Soft Drop correlations.
       Generated 200 all emission Soft Drop correlations.
       Generated 400 all emission Soft Drop correlations.
       Generated 600 all emission Soft Drop correlations.
       Generated 800 all emission Soft Drop correlations.
       Generated 1000 all emission Soft Drop correlations.
       Generated 200 1 emission Soft Drop correlations.
       Generated 400 1 emission Soft Drop correlations.
       Generated 600 1 emission Soft Drop correlations.
       Generated 800 1 emission Soft Drop correlations.
       Generated 1000 1 emission Soft Drop correlations.
       Generated 200 1 emission Soft Drop correlations.
       Generated 400 1 emission Soft Drop correlations.
       Generated 600 1 emission Soft Drop correlations.
       Generated 800 1 emission Soft Drop correlations.
       Generated 1000 1 emission Soft Drop correlations.
       Generated 200 all emission Soft Drop correlations.
       Generated 400 all emission Soft Drop correlations.
       Generated 600 all emission Soft Drop correlations.
       Generated 800 all emission Soft Drop correlations.
       Generated 1000 all emission Soft Drop correlations.
       Generated 200 1 emission Soft Drop correlations.
       Generated 400 1 emission Soft Drop correlations.
       Generated 600 1 emission Soft Drop correlations.
       Generated 800 1 emission Soft Drop correlations.
       Generated 1000 1 emission Soft Drop correlations.
       Generated 200 1 emission Soft Drop correlations.
       Generated 400 1 emission Soft Drop correlations.
       Generated 600 1 emission Soft Drop correlations.
       Generated 800 1 emission Soft Drop correlations.
       Generated 1000 1 emission Soft Drop correlations.
       Generated 200 all emission Soft Drop correlations.
       Generated 400 all emission Soft Drop correlations.
       Generated 600 all emission Soft Drop correlations.
       Generated 800 all emission Soft Drop correlations.
       Generated 1000 all emission Soft Drop correlations.
Shower correlations saved!
Saving shower correlations to jetmontecarlo/utils/samples/shower_correlations/shower_1e+03_c1_3_f0.75_showerbeta2_LL_fewem.npz...
       Generated 200 all emissions ungroomed correlations.
       Generated 400 all emissions ungroomed correlations.
       Generated 600 all emissions ungroomed correlations.
       Generated 800 all emissions ungroomed correlations.
       Generated 1000 all emissions ungroomed correlations.
       Generated 200 LL (all emissions) RSS correlations.
       Generated 400 LL (all emissions) RSS correlations.
       Generated 600 LL (all emissions) RSS correlations.
       Generated 800 LL (all emissions) RSS correlations.
       Generated 1000 LL (all emissions) RSS correlations.
       Generated 200 LL (all emissions) RSS correlations.
       Generated 400 LL (all emissions) RSS correlations.
       Generated 600 LL (all emissions) RSS correlations.
       Generated 800 LL (all emissions) RSS correlations.
       Generated 1000 LL (all emissions) RSS correlations.
       Generated 200 LL (all emissions) RSS correlations.
       Generated 400 LL (all emissions) RSS correlations.
       Generated 600 LL (all emissions) RSS correlations.
       Generated 800 LL (all emissions) RSS correlations.
       Generated 1000 LL (all emissions) RSS correlations.
       Generated 200 1 emission Soft Drop correlations.
       Generated 400 1 emission Soft Drop correlations.
       Generated 600 1 emission Soft Drop correlations.
       Generated 800 1 emission Soft Drop correlations.
       Generated 1000 1 emission Soft Drop correlations.
       Generated 200 1 emission Soft Drop correlations.
       Generated 400 1 emission Soft Drop correlations.
       Generated 600 1 emission Soft Drop correlations.
       Generated 800 1 emission Soft Drop correlations.
       Generated 1000 1 emission Soft Drop correlations.
       Generated 200 all emission Soft Drop correlations.
       Generated 400 all emission Soft Drop correlations.
       Generated 600 all emission Soft Drop correlations.
       Generated 800 all emission Soft Drop correlations.
       Generated 1000 all emission Soft Drop correlations.
       Generated 200 1 emission Soft Drop correlations.
       Generated 400 1 emission Soft Drop correlations.
       Generated 600 1 emission Soft Drop correlations.
       Generated 800 1 emission Soft Drop correlations.
       Generated 1000 1 emission Soft Drop correlations.
       Generated 200 1 emission Soft Drop correlations.
       Generated 400 1 emission Soft Drop correlations.
       Generated 600 1 emission Soft Drop correlations.
       Generated 800 1 emission Soft Drop correlations.
       Generated 1000 1 emission Soft Drop correlations.
       Generated 200 all emission Soft Drop correlations.
       Generated 400 all emission Soft Drop correlations.
       Generated 600 all emission Soft Drop correlations.
       Generated 800 all emission Soft Drop correlations.
       Generated 1000 all emission Soft Drop correlations.
       Generated 200 1 emission Soft Drop correlations.
       Generated 400 1 emission Soft Drop correlations.
       Generated 600 1 emission Soft Drop correlations.
       Generated 800 1 emission Soft Drop correlations.
       Generated 1000 1 emission Soft Drop correlations.
       Generated 200 1 emission Soft Drop correlations.
       Generated 400 1 emission Soft Drop correlations.
       Generated 600 1 emission Soft Drop correlations.
       Generated 800 1 emission Soft Drop correlations.
       Generated 1000 1 emission Soft Drop correlations.
       Generated 200 all emission Soft Drop correlations.
       Generated 400 all emission Soft Drop correlations.
       Generated 600 all emission Soft Drop correlations.
       Generated 800 all emission Soft Drop correlations.
       Generated 1000 all emission Soft Drop correlations.
Shower correlations saved!
Saving shower correlations to jetmontecarlo/utils/samples/shower_correlations/shower_1e+03_c1_3_f0.5_showerbeta2_LL_fewem.npz...
       Generated 200 all emissions ungroomed correlations.
       Generated 400 all emissions ungroomed correlations.
       Generated 600 all emissions ungroomed correlations.
       Generated 800 all emissions ungroomed correlations.
       Generated 1000 all emissions ungroomed correlations.
       Generated 200 LL (all emissions) RSS correlations.
       Generated 400 LL (all emissions) RSS correlations.
       Generated 600 LL (all emissions) RSS correlations.
       Generated 800 LL (all emissions) RSS correlations.
       Generated 1000 LL (all emissions) RSS correlations.
       Generated 200 LL (all emissions) RSS correlations.
       Generated 400 LL (all emissions) RSS correlations.
       Generated 600 LL (all emissions) RSS correlations.
       Generated 800 LL (all emissions) RSS correlations.
       Generated 1000 LL (all emissions) RSS correlations.
       Generated 200 LL (all emissions) RSS correlations.
       Generated 400 LL (all emissions) RSS correlations.
       Generated 600 LL (all emissions) RSS correlations.
       Generated 800 LL (all emissions) RSS correlations.
       Generated 1000 LL (all emissions) RSS correlations.
       Generated 200 1 emission Soft Drop correlations.
       Generated 400 1 emission Soft Drop correlations.
       Generated 600 1 emission Soft Drop correlations.
       Generated 800 1 emission Soft Drop correlations.
       Generated 1000 1 emission Soft Drop correlations.
       Generated 200 1 emission Soft Drop correlations.
       Generated 400 1 emission Soft Drop correlations.
       Generated 600 1 emission Soft Drop correlations.
       Generated 800 1 emission Soft Drop correlations.
       Generated 1000 1 emission Soft Drop correlations.
       Generated 200 all emission Soft Drop correlations.
       Generated 400 all emission Soft Drop correlations.
       Generated 600 all emission Soft Drop correlations.
       Generated 800 all emission Soft Drop correlations.
       Generated 1000 all emission Soft Drop correlations.
       Generated 200 1 emission Soft Drop correlations.
       Generated 400 1 emission Soft Drop correlations.
       Generated 600 1 emission Soft Drop correlations.
       Generated 800 1 emission Soft Drop correlations.
       Generated 1000 1 emission Soft Drop correlations.
       Generated 200 1 emission Soft Drop correlations.
       Generated 400 1 emission Soft Drop correlations.
       Generated 600 1 emission Soft Drop correlations.
       Generated 800 1 emission Soft Drop correlations.
       Generated 1000 1 emission Soft Drop correlations.
       Generated 200 all emission Soft Drop correlations.
       Generated 400 all emission Soft Drop correlations.
       Generated 600 all emission Soft Drop correlations.
       Generated 800 all emission Soft Drop correlations.
       Generated 1000 all emission Soft Drop correlations.
       Generated 200 1 emission Soft Drop correlations.
       Generated 400 1 emission Soft Drop correlations.
       Generated 600 1 emission Soft Drop correlations.
       Generated 800 1 emission Soft Drop correlations.
       Generated 1000 1 emission Soft Drop correlations.
       Generated 200 1 emission Soft Drop correlations.
       Generated 400 1 emission Soft Drop correlations.
       Generated 600 1 emission Soft Drop correlations.
       Generated 800 1 emission Soft Drop correlations.
       Generated 1000 1 emission Soft Drop correlations.
       Generated 200 all emission Soft Drop correlations.
       Generated 400 all emission Soft Drop correlations.
       Generated 600 all emission Soft Drop correlations.
       Generated 800 all emission Soft Drop correlations.
       Generated 1000 all emission Soft Drop correlations.
Shower correlations saved!

Saving shower correlations to jetmontecarlo/utils/samples/shower_correlations/shower_1e+03_c1_4_f1_showerbeta2_LL_fewem.npz...
       Generated 200 all emissions ungroomed correlations.
       Generated 400 all emissions ungroomed correlations.
       Generated 600 all emissions ungroomed correlations.
       Generated 800 all emissions ungroomed correlations.
       Generated 1000 all emissions ungroomed correlations.
       Generated 200 LL (all emissions) RSS correlations.
       Generated 400 LL (all emissions) RSS correlations.
       Generated 600 LL (all emissions) RSS correlations.
       Generated 800 LL (all emissions) RSS correlations.
       Generated 1000 LL (all emissions) RSS correlations.
       Generated 200 LL (all emissions) RSS correlations.
       Generated 400 LL (all emissions) RSS correlations.
       Generated 600 LL (all emissions) RSS correlations.
       Generated 800 LL (all emissions) RSS correlations.
       Generated 1000 LL (all emissions) RSS correlations.
       Generated 200 LL (all emissions) RSS correlations.
       Generated 400 LL (all emissions) RSS correlations.
       Generated 600 LL (all emissions) RSS correlations.
       Generated 800 LL (all emissions) RSS correlations.
       Generated 1000 LL (all emissions) RSS correlations.
       Generated 200 1 emission Soft Drop correlations.
       Generated 400 1 emission Soft Drop correlations.
       Generated 600 1 emission Soft Drop correlations.
       Generated 800 1 emission Soft Drop correlations.
       Generated 1000 1 emission Soft Drop correlations.
       Generated 200 1 emission Soft Drop correlations.
       Generated 400 1 emission Soft Drop correlations.
       Generated 600 1 emission Soft Drop correlations.
       Generated 800 1 emission Soft Drop correlations.
       Generated 1000 1 emission Soft Drop correlations.
       Generated 200 all emission Soft Drop correlations.
       Generated 400 all emission Soft Drop correlations.
       Generated 600 all emission Soft Drop correlations.
       Generated 800 all emission Soft Drop correlations.
       Generated 1000 all emission Soft Drop correlations.
       Generated 200 1 emission Soft Drop correlations.
       Generated 400 1 emission Soft Drop correlations.
       Generated 600 1 emission Soft Drop correlations.
       Generated 800 1 emission Soft Drop correlations.
       Generated 1000 1 emission Soft Drop correlations.
       Generated 200 1 emission Soft Drop correlations.
       Generated 400 1 emission Soft Drop correlations.
       Generated 600 1 emission Soft Drop correlations.
       Generated 800 1 emission Soft Drop correlations.
       Generated 1000 1 emission Soft Drop correlations.
       Generated 200 all emission Soft Drop correlations.
       Generated 400 all emission Soft Drop correlations.
       Generated 600 all emission Soft Drop correlations.
       Generated 800 all emission Soft Drop correlations.
       Generated 1000 all emission Soft Drop correlations.
       Generated 200 1 emission Soft Drop correlations.
       Generated 400 1 emission Soft Drop correlations.
       Generated 600 1 emission Soft Drop correlations.
       Generated 800 1 emission Soft Drop correlations.
       Generated 1000 1 emission Soft Drop correlations.
       Generated 200 1 emission Soft Drop correlations.
       Generated 400 1 emission Soft Drop correlations.
       Generated 600 1 emission Soft Drop correlations.
       Generated 800 1 emission Soft Drop correlations.
       Generated 1000 1 emission Soft Drop correlations.
       Generated 200 all emission Soft Drop correlations.
       Generated 400 all emission Soft Drop correlations.
       Generated 600 all emission Soft Drop correlations.
       Generated 800 all emission Soft Drop correlations.
       Generated 1000 all emission Soft Drop correlations.
Shower correlations saved!
Saving shower correlations to jetmontecarlo/utils/samples/shower_correlations/shower_1e+03_c1_4_f0.75_showerbeta2_LL_fewem.npz...
       Generated 200 all emissions ungroomed correlations.
       Generated 400 all emissions ungroomed correlations.
       Generated 600 all emissions ungroomed correlations.
       Generated 800 all emissions ungroomed correlations.
       Generated 1000 all emissions ungroomed correlations.
       Generated 200 LL (all emissions) RSS correlations.
       Generated 400 LL (all emissions) RSS correlations.
       Generated 600 LL (all emissions) RSS correlations.
       Generated 800 LL (all emissions) RSS correlations.
       Generated 1000 LL (all emissions) RSS correlations.
       Generated 200 LL (all emissions) RSS correlations.
       Generated 400 LL (all emissions) RSS correlations.
       Generated 600 LL (all emissions) RSS correlations.
       Generated 800 LL (all emissions) RSS correlations.
       Generated 1000 LL (all emissions) RSS correlations.
       Generated 200 LL (all emissions) RSS correlations.
       Generated 400 LL (all emissions) RSS correlations.
       Generated 600 LL (all emissions) RSS correlations.
       Generated 800 LL (all emissions) RSS correlations.
       Generated 1000 LL (all emissions) RSS correlations.
       Generated 200 1 emission Soft Drop correlations.
       Generated 400 1 emission Soft Drop correlations.
       Generated 600 1 emission Soft Drop correlations.
       Generated 800 1 emission Soft Drop correlations.
       Generated 1000 1 emission Soft Drop correlations.
       Generated 200 1 emission Soft Drop correlations.
       Generated 400 1 emission Soft Drop correlations.
       Generated 600 1 emission Soft Drop correlations.
       Generated 800 1 emission Soft Drop correlations.
       Generated 1000 1 emission Soft Drop correlations.
       Generated 200 all emission Soft Drop correlations.
       Generated 400 all emission Soft Drop correlations.
       Generated 600 all emission Soft Drop correlations.
       Generated 800 all emission Soft Drop correlations.
       Generated 1000 all emission Soft Drop correlations.
       Generated 200 1 emission Soft Drop correlations.
       Generated 400 1 emission Soft Drop correlations.
       Generated 600 1 emission Soft Drop correlations.
       Generated 800 1 emission Soft Drop correlations.
       Generated 1000 1 emission Soft Drop correlations.
       Generated 200 1 emission Soft Drop correlations.
       Generated 400 1 emission Soft Drop correlations.
       Generated 600 1 emission Soft Drop correlations.
       Generated 800 1 emission Soft Drop correlations.
       Generated 1000 1 emission Soft Drop correlations.
       Generated 200 all emission Soft Drop correlations.
       Generated 400 all emission Soft Drop correlations.
       Generated 600 all emission Soft Drop correlations.
       Generated 800 all emission Soft Drop correlations.
       Generated 1000 all emission Soft Drop correlations.
       Generated 200 1 emission Soft Drop correlations.
       Generated 400 1 emission Soft Drop correlations.
       Generated 600 1 emission Soft Drop correlations.
       Generated 800 1 emission Soft Drop correlations.
       Generated 1000 1 emission Soft Drop correlations.
       Generated 200 1 emission Soft Drop correlations.
       Generated 400 1 emission Soft Drop correlations.
       Generated 600 1 emission Soft Drop correlations.
       Generated 800 1 emission Soft Drop correlations.
       Generated 1000 1 emission Soft Drop correlations.
       Generated 200 all emission Soft Drop correlations.
       Generated 400 all emission Soft Drop correlations.
       Generated 600 all emission Soft Drop correlations.
       Generated 800 all emission Soft Drop correlations.
       Generated 1000 all emission Soft Drop correlations.
Shower correlations saved!
Saving shower correlations to jetmontecarlo/utils/samples/shower_correlations/shower_1e+03_c1_4_f0.5_showerbeta2_LL_fewem.npz...
       Generated 200 all emissions ungroomed correlations.
       Generated 400 all emissions ungroomed correlations.
       Generated 600 all emissions ungroomed correlations.
       Generated 800 all emissions ungroomed correlations.
       Generated 1000 all emissions ungroomed correlations.
       Generated 200 LL (all emissions) RSS correlations.
       Generated 400 LL (all emissions) RSS correlations.
       Generated 600 LL (all emissions) RSS correlations.
       Generated 800 LL (all emissions) RSS correlations.
       Generated 1000 LL (all emissions) RSS correlations.
       Generated 200 LL (all emissions) RSS correlations.
       Generated 400 LL (all emissions) RSS correlations.
       Generated 600 LL (all emissions) RSS correlations.
       Generated 800 LL (all emissions) RSS correlations.
       Generated 1000 LL (all emissions) RSS correlations.
       Generated 200 LL (all emissions) RSS correlations.
       Generated 400 LL (all emissions) RSS correlations.
       Generated 600 LL (all emissions) RSS correlations.
       Generated 800 LL (all emissions) RSS correlations.
       Generated 1000 LL (all emissions) RSS correlations.
       Generated 200 1 emission Soft Drop correlations.
       Generated 400 1 emission Soft Drop correlations.
       Generated 600 1 emission Soft Drop correlations.
       Generated 800 1 emission Soft Drop correlations.
       Generated 1000 1 emission Soft Drop correlations.
       Generated 200 1 emission Soft Drop correlations.
       Generated 400 1 emission Soft Drop correlations.
       Generated 600 1 emission Soft Drop correlations.
       Generated 800 1 emission Soft Drop correlations.
       Generated 1000 1 emission Soft Drop correlations.
       Generated 200 all emission Soft Drop correlations.
       Generated 400 all emission Soft Drop correlations.
       Generated 600 all emission Soft Drop correlations.
       Generated 800 all emission Soft Drop correlations.
       Generated 1000 all emission Soft Drop correlations.
       Generated 200 1 emission Soft Drop correlations.
       Generated 400 1 emission Soft Drop correlations.
       Generated 600 1 emission Soft Drop correlations.
       Generated 800 1 emission Soft Drop correlations.
       Generated 1000 1 emission Soft Drop correlations.
       Generated 200 1 emission Soft Drop correlations.
       Generated 400 1 emission Soft Drop correlations.
       Generated 600 1 emission Soft Drop correlations.
       Generated 800 1 emission Soft Drop correlations.
       Generated 1000 1 emission Soft Drop correlations.
       Generated 200 all emission Soft Drop correlations.
       Generated 400 all emission Soft Drop correlations.
       Generated 600 all emission Soft Drop correlations.
       Generated 800 all emission Soft Drop correlations.
       Generated 1000 all emission Soft Drop correlations.
       Generated 200 1 emission Soft Drop correlations.
       Generated 400 1 emission Soft Drop correlations.
       Generated 600 1 emission Soft Drop correlations.
       Generated 800 1 emission Soft Drop correlations.
       Generated 1000 1 emission Soft Drop correlations.
       Generated 200 1 emission Soft Drop correlations.
       Generated 400 1 emission Soft Drop correlations.
       Generated 600 1 emission Soft Drop correlations.
       Generated 800 1 emission Soft Drop correlations.
       Generated 1000 1 emission Soft Drop correlations.
       Generated 200 all emission Soft Drop correlations.
       Generated 400 all emission Soft Drop correlations.
       Generated 600 all emission Soft Drop correlations.
       Generated 800 all emission Soft Drop correlations.
       Generated 1000 all emission Soft Drop correlations.
Shower correlations saved!



# ============================
# Comparison:
# ============================

findfont: Font family ['DIN Condensed'] not found. Falling back to DejaVu Sans.
findfont: Font family ['Arial'] not found. Falling back to DejaVu Sans.
jetmontecarlo/utils/samples/inverse_transform_samples/theta_crits_obsLL_splitfnLL_zc0.1_beta2.0_1e+04_fc_num_samples.npy
Loading pickled radiator functions:
    Loading critical radiator...
    Loading critical/subsequent radiator...
    Loading pre-critical radiator...
Getting critical samples...
    Making critical samples with z_c=0.05...
    Making critical samples with z_c=0.1...
    Making critical samples with z_c=0.2...
Plotting complete!
Getting critical and subsequent samples...
    Making critical samples with z_c=0.05...
    Making subsequent samples with beta=2...
Traceback (most recent call last):
  File "/home/gridsan/sfard/Projects/JetMonteCarlo/jetmontecarlo/utils/montecarlo_utils.py", line 114, in samples_from_cdf
    inv_cdf = inversefunc(cdf, domain=domain, image=[0,1])
  File "/home/gridsan/sfard/.local/lib/python3.8/site-packages/pynverse/inverse.py", line 116, in inversefunc
    raise ValueError("Function is not strictly monotonic")
ValueError: Function is not strictly monotonic

During handling of the above exception, another exception occurred:

Traceback (most recent call last):
  File "examples/comparison_plots/sudakov_comparison_numeric.py", line 898, in <module>
    compare_crit_and_sub()
  File "examples/comparison_plots/sudakov_comparison_numeric.py", line 530, in compare_crit_and_sub
    plot_mc_crit_and_sub(axes_pdf, axes_cdf, z_cut, beta, icol=i)
  File "examples/comparison_plots/sudakov_comparison_numeric.py", line 472, in plot_mc_crit_and_sub
    c_sub = samples_from_cdf(cdf_sub_conditional, 1,
  File "/home/gridsan/sfard/Projects/JetMonteCarlo/jetmontecarlo/utils/montecarlo_utils.py", line 139, in samples_from_cdf
    if bad_xvals_low[0] == pnts[0] and bad_cdf_low[0] == 1:
IndexError: index 0 is out of bounds for axis 0 with size 0



