# ============================
# Date: 2021-11-01-(16:06:52)
# ============================
# -------------------------
# Setting up files
# -------------------------

###################################
# Running workflow:
###################################
    # ============================
    # Event generation:
    # ============================

    # -------------------------
    # Phase space samples
    # -------------------------
    
/var/spool/slurmd/job11479144/slurm_script: line 130: 20213 Killed                  python examples/event_generation/phase_space_sampling.py

    # -------------------------
    # Parton shower samples:
    # -------------------------
    
/var/spool/slurmd/job11479144/slurm_script: line 130: 52231 Killed                  python examples/event_generation/parton_shower_gen.py


# ============================
# Comparison:
# ============================

Traceback (most recent call last):
  File "examples/comparison_plots/sudakov_comparison_numeric.py", line 107, in <module>
    with open(splitfn_path, 'rb') as f:
FileNotFoundError: [Errno 2] No such file or directory: 'jetmontecarlo/utils/functions/splitting_fns/split_fns_LL_log_5e+06events_5e+03bins.pkl'



slurmstepd-d-19-14-4: error: Detected 2 oom-kill event(s) in StepId=11479144.batch cgroup. Some of your processes may have been killed by the cgroup out-of-memory handler.
